<?xml version="1.0" encoding="UTF-8" ?>
<testsuite tests="4" failures="0" name="ssvv.project.service.ServiceTest" time="0.562" errors="0" skipped="0">
  <properties>
    <property name="idea.version" value="2022.1"/>
    <property name="java.runtime.name" value="OpenJDK Runtime Environment"/>
    <property name="java.vm.version" value="18.0.1.1+2-6"/>
    <property name="sun.boot.library.path" value="C:\Users\suciu\.jdks\openjdk-18.0.1.1\bin"/>
    <property name="java.vm.vendor" value="Oracle Corporation"/>
    <property name="java.vendor.url" value="https://java.oracle.com/"/>
    <property name="path.separator" value=";"/>
    <property name="java.vm.name" value="OpenJDK 64-Bit Server VM"/>
    <property name="sun.os.patch.level" value=""/>
    <property name="user.script" value=""/>
    <property name="user.country" value="US"/>
    <property name="sun.java.launcher" value="SUN_STANDARD"/>
    <property name="java.vm.specification.name" value="Java Virtual Machine Specification"/>
    <property name="user.dir" value="D:\FACULTATE\AN3SEM2\TestingProject"/>
    <property name="java.vm.compressedOopsMode" value="32-bit"/>
    <property name="java.runtime.version" value="18.0.1.1+2-6"/>
    <property name="basedir" value="D:\FACULTATE\AN3SEM2\TestingProject"/>
    <property name="os.arch" value="amd64"/>
    <property name="surefire.real.class.path" value="D:\FACULTATE\AN3SEM2\TestingProject\target\surefire\surefirebooter11248387580686551418.jar"/>
    <property name="java.io.tmpdir" value="C:\Users\suciu\AppData\Local\Temp\"/>
    <property name="line.separator" value="
"/>
    <property name="java.vm.specification.vendor" value="Oracle Corporation"/>
    <property name="user.variant" value=""/>
    <property name="os.name" value="Windows 10"/>
    <property name="sun.jnu.encoding" value="Cp1252"/>
    <property name="java.library.path" value="C:\Users\suciu\.jdks\openjdk-18.0.1.1\bin;C:\Windows\Sun\Java\bin;C:\Windows\system32;C:\Windows;C:\Program Files (x86)\Common Files\Oracle\Java\javapath;C:\Windows\system32;C:\Windows;C:\Windows\System32\Wbem;C:\Windows\System32\WindowsPowerShell\v1.0\;C:\Windows\System32\OpenSSH\;C:\Program Files (x86)\Microsoft SQL Server\150\DTS\Binn\;C:\Program Files\Azure Data Studio\bin;C:\Program Files\Microsoft SQL Server\150\Tools\Binn\;C:\Program Files\Git\cmd;C:\Program Files\nodejs\;C:\Program Files\Microsoft SQL Server\Client SDK\ODBC\170\Tools\Binn\;C:\Program Files (x86)\Microsoft SQL Server\150\Tools\Binn\;C:\Program Files\Microsoft SQL Server\150\DTS\Binn\;C:\Program Files\dotnet\;C:\Program Files\Microsoft SQL Server\140\DTS\Binn\;C:\Program Files\Microsoft SQL Server\160\DTS\Binn\;C:\Program Files\Docker\Docker\resources\bin;C:\Users\suciu\AppData\Local\Programs\Python\Python39\Scripts\;C:\Users\suciu\AppData\Local\Programs\Python\Python39\;C:\Users\suciu\AppData\Local\Microsoft\WindowsApps;C:\Users\suciu\AppData\Local\GitHubDesktop\bin;C:\Users\suciu\AppData\Roaming\npm;C:\Users\suciu\.dotnet\tools;C:\Users\suciu\anaconda3;C:\Users\suciu\anaconda3\Scripts;C:\Users\suciu\anaconda3\Library\bin;C:\Users\suciu\flutter\bin;C:\Program Files (x86)\GnuWin32\bin\;C:\Users\suciu\AppData\Local\Programs\Python\Python39\Scripts\;C:\Users\suciu\AppData\Local\Programs\Python\Python39\;C:\Users\suciu\AppData\Local\Microsoft\WindowsApps;C:\Users\suciu\AppData\Local\GitHubDesktop\bin;C:\Program Files\Azure Data Studio\bin;C:\Users\suciu\AppData\Roaming\npm;C:\Users\suciu\.dotnet\tools;C:\Users\suciu\anaconda3;C:\Users\suciu\anaconda3\Scripts;C:\Users\suciu\anaconda3\Library\bin;C:\Users\suciu\flutter\bin;;."/>
    <property name="surefire.test.class.path" value="D:\FACULTATE\AN3SEM2\TestingProject\target\test-classes;D:\FACULTATE\AN3SEM2\TestingProject\target\classes;C:\Users\suciu\.m2\repository\junit\junit\4.13.2\junit-4.13.2.jar;C:\Users\suciu\.m2\repository\org\hamcrest\hamcrest-core\1.3\hamcrest-core-1.3.jar;"/>
    <property name="jdk.debug" value="release"/>
    <property name="java.class.version" value="62.0"/>
    <property name="java.specification.name" value="Java Platform API Specification"/>
    <property name="sun.management.compiler" value="HotSpot 64-Bit Tiered Compilers"/>
    <property name="os.version" value="10.0"/>
    <property name="user.home" value="C:\Users\suciu"/>
    <property name="file.encoding" value="UTF-8"/>
    <property name="java.specification.version" value="18"/>
    <property name="user.name" value="suciu"/>
    <property name="java.class.path" value="D:\FACULTATE\AN3SEM2\TestingProject\target\test-classes;D:\FACULTATE\AN3SEM2\TestingProject\target\classes;C:\Users\suciu\.m2\repository\junit\junit\4.13.2\junit-4.13.2.jar;C:\Users\suciu\.m2\repository\org\hamcrest\hamcrest-core\1.3\hamcrest-core-1.3.jar;"/>
    <property name="java.vm.specification.version" value="18"/>
    <property name="sun.arch.data.model" value="64"/>
    <property name="sun.java.command" value="D:\FACULTATE\AN3SEM2\TestingProject\target\surefire\surefirebooter11248387580686551418.jar D:\FACULTATE\AN3SEM2\TestingProject\target\surefire\surefire7267329686319527503tmp D:\FACULTATE\AN3SEM2\TestingProject\target\surefire\surefire4332737860939420283tmp"/>
    <property name="java.home" value="C:\Users\suciu\.jdks\openjdk-18.0.1.1"/>
    <property name="user.language" value="en"/>
    <property name="java.specification.vendor" value="Oracle Corporation"/>
    <property name="java.vm.info" value="mixed mode, sharing"/>
    <property name="java.version" value="18.0.1.1"/>
    <property name="native.encoding" value="Cp1252"/>
    <property name="java.vendor" value="Oracle Corporation"/>
    <property name="localRepository" value="C:\Users\suciu\.m2\repository"/>
    <property name="file.separator" value="\"/>
    <property name="java.version.date" value="2022-04-22"/>
    <property name="java.vendor.url.bug" value="https://bugreport.java.com/bugreport/"/>
    <property name="sun.io.unicode.encoding" value="UnicodeLittle"/>
    <property name="sun.cpu.endian" value="little"/>
    <property name="sun.cpu.isalist" value="amd64"/>
  </properties>
  <testcase classname="ssvv.project.service.ServiceTest" name="addStudentPositiveIDs" time="0.194"/>
  <testcase classname="ssvv.project.service.ServiceTest" name="addStudentNegativeIDs" time="0.026"/>
  <testcase classname="ssvv.project.service.ServiceTest" name="addStudentBVA" time="0.034"/>
  <testcase classname="ssvv.project.service.ServiceTest" name="addStudentNullIDs" time="0.024"/>
</testsuite>